0 info it worked if it ends with ok
1 verbose cli [ 'C:\\Program Files\\nodejs\\node.exe',
1 verbose cli   'C:\\Program Files\\nodejs\\node_modules\\npm\\bin\\npm-cli.js',
1 verbose cli   'start' ]
2 info using npm@3.6.0
3 info using node@v5.7.1
4 verbose run-script [ 'prestart', 'start', 'poststart' ]
5 info lifecycle stockprediction@1.0.0~prestart: stockprediction@1.0.0
6 silly lifecycle stockprediction@1.0.0~prestart: no script for prestart, continuing
7 info lifecycle stockprediction@1.0.0~start: stockprediction@1.0.0
8 verbose lifecycle stockprediction@1.0.0~start: unsafe-perm in lifecycle true
9 verbose lifecycle stockprediction@1.0.0~start: PATH: C:\Program Files\nodejs\node_modules\npm\bin\node-gyp-bin;C:\Users\Kanak\Documents\GitHub\StockPrediction\node_modules\.bin;C:\Users\Kanak\AppData\Local\GitHub\PortableGit_284a859b0e6deba86edc624fef1e4db2aa8241a9\cmd;C:\Users\Kanak\AppData\Local\GitHub\PortableGit_284a859b0e6deba86edc624fef1e4db2aa8241a9\usr\bin;C:\Users\Kanak\AppData\Local\GitHub\PortableGit_284a859b0e6deba86edc624fef1e4db2aa8241a9\usr\share\git-tfs;C:\Users\Kanak\AppData\Local\Apps\2.0\ZCK7BQNZ.X1R\4M8RGJER.XAL\gith..tion_317444273a93ac29_0003.0003_83ed0490a76a8c54;C:\Users\Kanak\AppData\Local\GitHub\lfs-amd64_1.3.1;C:\Program Files\Haskell\bin;C:\Program Files\Haskell Platform\8.0.1\lib\extralibs\bin;C:\Program Files\Haskell Platform\8.0.1\bin;C:\Python34\;C:\Python34\Scripts;C:\Program Files\Java\jdk1.8.0_60\bin;C:\Program Files (x86)\Lenovo\FusionEngine;C:\Program Files (x86)\Intel\iCLS Client\;C:\Program Files\Intel\iCLS Client\;C:\WINDOWS\system32;C:\WINDOWS;C:\WINDOWS\System32\Wbem;C:\WINDOWS\System32\WindowsPowerShell\v1.0\;C:\Program Files\Intel\Intel(R) Management Engine Components\DAL;C:\Program Files\Intel\Intel(R) Management Engine Components\IPT;C:\Program Files (x86)\Intel\Intel(R) Management Engine Components\DAL;C:\Program Files (x86)\Intel\Intel(R) Management Engine Components\IPT;C:\Program Files\Intel\WiFi\bin\;C:\Program Files\Common Files\Intel\WirelessCommon\;C:\Program Files (x86)\QuickTime\QTSystem\;C:\Program Files (x86)\GtkSharp\2.12\bin;C:\Users\Kanak\.dnx\bin;C:\Program Files\Microsoft DNX\Dnvm\;C:\Program Files (x86)\NVIDIA Corporation\PhysX\Common;C:\Program Files (x86)\Dev-Cpp\MinGW64\bin;C:\WINDOWS\system32;C:\WINDOWS;C:\WINDOWS\System32\Wbem;C:\WINDOWS\System32\WindowsPowerShell\v1.0\;C:\Program Files\nodejs\;C:\Ruby22\bin;C:\Program Files (x86)\Skype\Phone\;C:\ffmpeg\bin;C:\Program Files\Haskell Platform\8.0.1\mingw\bin;C:\Users\Kanak\AppData\Roaming\cabal\bin;C:\Users\Kanak\AppData\Roaming\local\bin;C:\Users\Kanak\AppData\Roaming\npm;C:\Ruby22\bin;C:\Go\bin;C:\Users\Kanak\AppData\Local\atom\bin;C:\ffmpeg\bin;C:\Users\Kanak\AppData\Local\Microsoft\WindowsApps;C:\Users\Kanak\AppData\Local\.meteor\;C:\Windows\Microsoft.NET\Framework\v4.0.30319\
10 verbose lifecycle stockprediction@1.0.0~start: CWD: C:\Users\Kanak\Documents\GitHub\StockPrediction
11 silly lifecycle stockprediction@1.0.0~start: Args: [ '/d /s /c', 'node ./serverInterEx.js' ]
12 silly lifecycle stockprediction@1.0.0~start: Returned: code: 1  signal: null
13 info lifecycle stockprediction@1.0.0~start: Failed to exec start script
14 verbose stack Error: stockprediction@1.0.0 start: `node ./serverInterEx.js`
14 verbose stack Exit status 1
14 verbose stack     at EventEmitter.<anonymous> (C:\Program Files\nodejs\node_modules\npm\lib\utils\lifecycle.js:232:16)
14 verbose stack     at emitTwo (events.js:100:13)
14 verbose stack     at EventEmitter.emit (events.js:185:7)
14 verbose stack     at ChildProcess.<anonymous> (C:\Program Files\nodejs\node_modules\npm\lib\utils\spawn.js:24:14)
14 verbose stack     at emitTwo (events.js:100:13)
14 verbose stack     at ChildProcess.emit (events.js:185:7)
14 verbose stack     at maybeClose (internal/child_process.js:827:16)
14 verbose stack     at Process.ChildProcess._handle.onexit (internal/child_process.js:211:5)
15 verbose pkgid stockprediction@1.0.0
16 verbose cwd C:\Users\Kanak\Documents\GitHub\StockPrediction
17 error Windows_NT 10.0.14393
18 error argv "C:\\Program Files\\nodejs\\node.exe" "C:\\Program Files\\nodejs\\node_modules\\npm\\bin\\npm-cli.js" "start"
19 error node v5.7.1
20 error npm  v3.6.0
21 error code ELIFECYCLE
22 error stockprediction@1.0.0 start: `node ./serverInterEx.js`
22 error Exit status 1
23 error Failed at the stockprediction@1.0.0 start script 'node ./serverInterEx.js'.
23 error Make sure you have the latest version of node.js and npm installed.
23 error If you do, this is most likely a problem with the stockprediction package,
23 error not with npm itself.
23 error Tell the author that this fails on your system:
23 error     node ./serverInterEx.js
23 error You can get information on how to open an issue for this project with:
23 error     npm bugs stockprediction
23 error Or if that isn't available, you can get their info via:
23 error     npm owner ls stockprediction
23 error There is likely additional logging output above.
24 verbose exit [ 1, true ]
